<?xml version="1.0" encoding="UTF-8"?>
<testsuite xmlns:xsi="http://www.w3.org/2001/XMLSchema-instance" xsi:noNamespaceSchemaLocation="https://maven.apache.org/surefire/maven-surefire-plugin/xsd/surefire-test-report-3.0.xsd" version="3.0" name="org.game.UITest" time="0.83" tests="13" errors="0" skipped="0" failures="0">
  <properties>
    <property name="java.specification.version" value="21"/>
    <property name="sun.jnu.encoding" value="UTF-8"/>
    <property name="java.class.path" value="/Users/nicolemalku/Desktop/CMPT276F23_group7/project/target/test-classes:/Users/nicolemalku/Desktop/CMPT276F23_group7/project/target/classes:/Users/nicolemalku/.m2/repository/junit/junit/4.13/junit-4.13.jar:/Users/nicolemalku/.m2/repository/org/hamcrest/hamcrest-core/1.3/hamcrest-core-1.3.jar:"/>
    <property name="sun.awt.enableExtraMouseButtons" value="true"/>
    <property name="java.vm.vendor" value="Oracle Corporation"/>
    <property name="sun.arch.data.model" value="64"/>
    <property name="java.vendor.url" value="https://java.oracle.com/"/>
    <property name="os.name" value="Mac OS X"/>
    <property name="java.vm.specification.version" value="21"/>
    <property name="sun.java.launcher" value="SUN_STANDARD"/>
    <property name="user.country" value="CA"/>
    <property name="sun.boot.library.path" value="/Library/Java/JavaVirtualMachines/jdk-21.jdk/Contents/Home/lib"/>
    <property name="sun.java.command" value="/Users/nicolemalku/Desktop/CMPT276F23_group7/project/target/surefire/surefirebooter-20231208223710411_3.jar /Users/nicolemalku/Desktop/CMPT276F23_group7/project/target/surefire 2023-12-08T22-37-10_301-jvmRun1 surefire-20231208223710411_1tmp surefire_0-20231208223710411_2tmp"/>
    <property name="http.nonProxyHosts" value="local|*.local|169.254/16|*.169.254/16"/>
    <property name="jdk.debug" value="release"/>
    <property name="surefire.test.class.path" value="/Users/nicolemalku/Desktop/CMPT276F23_group7/project/target/test-classes:/Users/nicolemalku/Desktop/CMPT276F23_group7/project/target/classes:/Users/nicolemalku/.m2/repository/junit/junit/4.13/junit-4.13.jar:/Users/nicolemalku/.m2/repository/org/hamcrest/hamcrest-core/1.3/hamcrest-core-1.3.jar:"/>
    <property name="sun.cpu.endian" value="little"/>
    <property name="user.home" value="/Users/nicolemalku"/>
    <property name="user.language" value="en"/>
    <property name="java.specification.vendor" value="Oracle Corporation"/>
    <property name="java.version.date" value="2023-10-17"/>
    <property name="java.home" value="/Library/Java/JavaVirtualMachines/jdk-21.jdk/Contents/Home"/>
    <property name="file.separator" value="/"/>
    <property name="basedir" value="/Users/nicolemalku/Desktop/CMPT276F23_group7/project"/>
    <property name="java.vm.compressedOopsMode" value="Zero based"/>
    <property name="line.separator" value="&#10;"/>
    <property name="java.vm.specification.vendor" value="Oracle Corporation"/>
    <property name="java.specification.name" value="Java Platform API Specification"/>
    <property name="apple.awt.application.name" value="ForkedBooter"/>
    <property name="surefire.real.class.path" value="/Users/nicolemalku/Desktop/CMPT276F23_group7/project/target/surefire/surefirebooter-20231208223710411_3.jar"/>
    <property name="sun.management.compiler" value="HotSpot 64-Bit Tiered Compilers"/>
    <property name="ftp.nonProxyHosts" value="local|*.local|169.254/16|*.169.254/16"/>
    <property name="java.runtime.version" value="21.0.1+12-LTS-29"/>
    <property name="user.name" value="nicolemalku"/>
    <property name="stdout.encoding" value="UTF-8"/>
    <property name="path.separator" value=":"/>
    <property name="os.version" value="13.0.1"/>
    <property name="java.runtime.name" value="Java(TM) SE Runtime Environment"/>
    <property name="file.encoding" value="UTF-8"/>
    <property name="java.vm.name" value="Java HotSpot(TM) 64-Bit Server VM"/>
    <property name="localRepository" value="/Users/nicolemalku/.m2/repository"/>
    <property name="java.vendor.url.bug" value="https://bugreport.java.com/bugreport/"/>
    <property name="java.io.tmpdir" value="/var/folders/x5/f7qqcvns2plc4clwxqvhbgy00000gn/T/"/>
    <property name="java.version" value="21.0.1"/>
    <property name="user.dir" value="/Users/nicolemalku/Desktop/CMPT276F23_group7/project"/>
    <property name="os.arch" value="aarch64"/>
    <property name="java.vm.specification.name" value="Java Virtual Machine Specification"/>
    <property name="native.encoding" value="UTF-8"/>
    <property name="java.library.path" value="/Users/nicolemalku/Library/Java/Extensions:/Library/Java/Extensions:/Network/Library/Java/Extensions:/System/Library/Java/Extensions:/usr/lib/java:."/>
    <property name="java.vm.info" value="mixed mode, sharing"/>
    <property name="stderr.encoding" value="UTF-8"/>
    <property name="java.vendor" value="Oracle Corporation"/>
    <property name="java.vm.version" value="21.0.1+12-LTS-29"/>
    <property name="sun.io.unicode.encoding" value="UnicodeBig"/>
    <property name="socksNonProxyHosts" value="local|*.local|169.254/16|*.169.254/16"/>
    <property name="java.class.version" value="65.0"/>
  </properties>
  <testcase name="testDisplayScore" classname="org.game.UITest" time="0.044"/>
  <testcase name="testDisplayPlanetReward" classname="org.game.UITest" time="0.022"/>
  <testcase name="testDraw" classname="org.game.UITest" time="0.04"/>
  <testcase name="testDisplayPauseMenuEndGame" classname="org.game.UITest" time="0.53"/>
  <testcase name="testDrawLife" classname="org.game.UITest" time="0.012"/>
  <testcase name="testDrawTitleScreen" classname="org.game.UITest" time="0.032"/>
  <testcase name="testDisplayPauseMenuHowToPlay" classname="org.game.UITest" time="0.013"/>
  <testcase name="testShowMessage" classname="org.game.UITest" time="0.021"/>
  <testcase name="testDisplayPauseMenuTitle" classname="org.game.UITest" time="0.02"/>
  <testcase name="testDisplayTime" classname="org.game.UITest" time="0.013"/>
  <testcase name="testEndGame_Quit" classname="org.game.UITest" time="0.012"/>
  <testcase name="testDisplayWinState" classname="org.game.UITest" time="0.016"/>
  <testcase name="testDrawGameOverScreen" classname="org.game.UITest" time="0.053"/>
</testsuite>